{"logLevel":"debug","message":"multithreading is set to false"}
{"logLevel":"debug","message":"Using reflection to scan dependencies for gauge implementations..."}
SLF4J(W): No SLF4J providers were found.
SLF4J(W): Defaulting to no-operation (NOP) logger implementation
SLF4J(W): See https://www.slf4j.org/codes.html#noProviders for further details.
{"logLevel":"debug","message":"gauge-java took 542milliseconds to load and scan. This should be less than 'runner_connection_timeout' config value."}
{"logLevel":"debug","message":"run 'gauge config runner_connection_timeout' and verify that it is < 542"}
{"logLevel":"debug","message":"starting gRPC server..."}
{"logLevel":"debug","message":"started gRPC server on port 61830"}
{"logLevel":"info","message":"Listening on port:61830"}
{"logLevel":"debug","message":"Scanning packages for steps"}
{"logLevel":"debug","message":"Comparing 'steps.NotificationDetailsImpl.urlShouldContain' and 'steps.NotificationDetailsImpl.urlShouldContain'"}
{"logLevel":"debug","message":"Found Sayfanın URL'si {} içermeli in current project scope."}
{"logLevel":"debug","message":"Comparing 'steps.QueryImpl.enterDateAndClickButton' and 'steps.QueryImpl.enterDateAndClickButton'"}
{"logLevel":"debug","message":"Found Tablodaki veriyi tarih alanina gir {} in current project scope."}
{"logLevel":"debug","message":"Comparing 'steps.NotificationDetailsImpl.comparexlsWithWeb' and 'steps.NotificationDetailsImpl.comparexlsWithWeb'"}
{"logLevel":"debug","message":"Found XLS dosyasındaki veriler ile web sayfasındaki veriler karşılaştırılır {} in current project scope."}
{"logLevel":"debug","message":"Comparing 'steps.NotificationDetailsImpl.clickFileFormat' and 'steps.NotificationDetailsImpl.clickFileFormat'"}
{"logLevel":"debug","message":"Found İndirilecek dosya formatı {} seçilir in current project scope."}
{"logLevel":"debug","message":"Comparing 'steps.KapImpl.setBrowserSizeByDevice' and 'steps.KapImpl.setBrowserSizeByDevice'"}
{"logLevel":"debug","message":"Found {} cihaz tipi için tarayici boyutu ayarla in current project scope."}
{"logLevel":"debug","message":"Comparing 'steps.ResultImpl.clickFirstRowContainingText' and 'steps.ResultImpl.clickFirstRowContainingText'"}
{"logLevel":"debug","message":"Found {} içeren ilk satıra tıklanır in current project scope."}
{"logLevel":"debug","message":"Comparing 'steps.KapImpl.navigateToUrl' and 'steps.KapImpl.navigateToUrl'"}
{"logLevel":"debug","message":"Found Kullanıcı {} sayfasina git in current project scope."}
{"logLevel":"debug","message":"Comparing 'steps.QueryImpl.clickCompanyGroup' and 'steps.QueryImpl.clickCompanyGroup'"}
{"logLevel":"debug","message":"Found Sirket grubu menüsünden {} seç in current project scope."}
{"logLevel":"debug","message":"Comparing 'steps.KapImpl.checkCurrentUrl' and 'steps.KapImpl.checkCurrentUrl'"}
{"logLevel":"debug","message":"Found Sayfanın URL'si {} olsun in current project scope."}
{"logLevel":"debug","message":"Comparing 'steps.QueryImpl.JsClickButton' and 'steps.QueryImpl.JsClickButton'"}
{"logLevel":"debug","message":"Found {} elementine JS ile tıklanır in current project scope."}
{"logLevel":"debug","message":"Comparing 'steps.NotificationDetailsImpl.checkExcelDownloaded' and 'steps.NotificationDetailsImpl.checkExcelDownloaded'"}
{"logLevel":"debug","message":"Found {} dosyası {} olarak indirilmiş olmalı in current project scope."}
{"logLevel":"debug","message":"Comparing 'steps.KapImpl.clickButton' and 'steps.KapImpl.clickButton'"}
{"logLevel":"debug","message":"Found {} elementine tıkla in current project scope."}
{"logLevel":"debug","message":"Comparing 'steps.KapImpl.clearDownloadDir' and 'steps.KapImpl.clearDownloadDir'"}
{"logLevel":"debug","message":"Found Dosya indirme dizinini temizle in current project scope."}
{"logLevel":"debug","message":"Scanning packages for hooks"}
{"logLevel":"debug","message":"Scanned steps (using static parsing + reflections): "}
{"logLevel":"debug","message":"\tSayfanın URL'si {} olsun : public void checkCurrentUrl(String expectedUrl)"}
{"logLevel":"debug","message":"\t{} içeren ilk satıra tıklanır : public void clickFirstRowContainingText(String text)"}
{"logLevel":"debug","message":"\tSayfanın URL'si {} içermeli : public void urlShouldContain(String prefix)"}
{"logLevel":"debug","message":"\tİndirilecek dosya formatı {} seçilir : public void clickFileFormat(String param)"}
{"logLevel":"debug","message":"\t{} dosyası {} olarak indirilmiş olmalı : public void checkExcelDownloaded(String format, String expectedFileName) throws InterruptedException"}
{"logLevel":"debug","message":"\tSirket grubu menüsünden {} seç : public void clickCompanyGroup(String param)"}
{"logLevel":"debug","message":"\t{} elementine JS ile tıklanır : public void JsClickButton(String buttonLabel)"}
{"logLevel":"debug","message":"\tTablodaki veriyi tarih alanina gir {} : public void enterDateAndClickButton(Table date)"}
{"logLevel":"debug","message":"\tKullanıcı {} sayfasina git : public void navigateToUrl(String urlKey)"}
{"logLevel":"debug","message":"\t{} elementine tıkla : public void clickButton(String buttonLabel)"}
{"logLevel":"debug","message":"\t{} cihaz tipi için tarayici boyutu ayarla : public void setBrowserSizeByDevice(String device)"}
{"logLevel":"debug","message":"\tDosya indirme dizinini temizle : public void clearDownloadDir()"}
{"logLevel":"debug","message":"\tXLS dosyasındaki veriler ile web sayfasındaki veriler karşılaştırılır {} : public void comparexlsWithWeb(String xlsPath) throws Exception"}
[16:34:26] [INFO ] KapTestLogger - Test suite başlatılıyor...
[16:34:26] [INFO ] KapTestLogger - Spec başlatılıyor...
[16:34:26] [INFO ] KapTestLogger - Scenario başlatılıyor...
[16:34:26] [INFO ] KapTestLogger - Dosya silindi: Bildirimler.xls
[16:34:26] [INFO ] KapTestLogger - Yeni WebDriver örneği oluşturuluyor...
[16:34:26] [INFO ] KapTestLogger - Indirme klasörü temizleniyor: /Users/alper/Desktop/TestAutomationCase/target/downloads
[16:34:26] [INFO ] KapTestLogger - İndirme klasörü zaten mevcut: /Users/alper/Desktop/TestAutomationCase/target/downloads
[16:34:27] [INFO ] KapTestLogger - WebDriver başarıyla başlatıldı.
{"logLevel":"debug","message":"Executing 'Dosya indirme dizinini temizle' using 'class steps.KapImpl.clearDownloadDir"}
[16:34:27] [INFO ] KapTestLogger - Ekran görüntüsü kaydedildi: screenshots/step_20250807_163427_567.png
{"logLevel":"debug","message":"Executing '{} cihaz tipi için tarayici boyutu ayarla' using 'class steps.KapImpl.setBrowserSizeByDevice"}
[16:34:27] [INFO ] KapTestLogger - mobil cihaz tipi için tarayıcı boyutu ayarlandı: (390, 844)
[16:34:27] [INFO ] KapTestLogger - Ekran görüntüsü kaydedildi: screenshots/step_20250807_163427_987.png
{"logLevel":"debug","message":"Executing 'Kullanıcı {} sayfasina git' using 'class steps.KapImpl.navigateToUrl"}
[16:34:28] [INFO ] KapTestLogger - Ekran görüntüsü kaydedildi: screenshots/step_20250807_163428_659.png
{"logLevel":"debug","message":"Executing 'Sayfanın URL'si {} olsun' using 'class steps.KapImpl.checkCurrentUrl"}
[16:34:28] [INFO ] KapTestLogger - Ekran görüntüsü kaydedildi: screenshots/step_20250807_163428_742.png
{"logLevel":"debug","message":"Executing '{} elementine tıkla' using 'class steps.KapImpl.clickButton"}
[16:34:28] [INFO ] KapTestLogger - 'BTN_MOBILE_MENU' anahtarına karşılık gelen element tıklanıyor.
[16:34:28] [INFO ] KapTestLogger - Tıklama işlemi başarıyla tamamlandı.
[16:34:28] [INFO ] KapTestLogger - Ekran görüntüsü kaydedildi: screenshots/step_20250807_163428_966.png
{"logLevel":"debug","message":"Executing '{} elementine tıkla' using 'class steps.KapImpl.clickButton"}
[16:34:28] [INFO ] KapTestLogger - 'BTN_BILDIRIM_SORGULARI' anahtarına karşılık gelen element tıklanıyor.
[16:34:28] [INFO ] KapTestLogger - Tıklama işlemi başarıyla tamamlandı.
[16:34:29] [INFO ] KapTestLogger - Ekran görüntüsü kaydedildi: screenshots/step_20250807_163429_062.png
{"logLevel":"debug","message":"Executing '{} elementine tıkla' using 'class steps.KapImpl.clickButton"}
[16:34:29] [INFO ] KapTestLogger - 'BTN_DETAYLI_SORGULAMA' anahtarına karşılık gelen element tıklanıyor.
[16:34:29] [INFO ] KapTestLogger - Tıklama işlemi başarıyla tamamlandı.
[16:34:29] [INFO ] KapTestLogger - Ekran görüntüsü kaydedildi: screenshots/step_20250807_163429_737.png
{"logLevel":"debug","message":"Executing 'Sayfanın URL'si {} olsun' using 'class steps.KapImpl.checkCurrentUrl"}
[16:34:29] [INFO ] KapTestLogger - Ekran görüntüsü kaydedildi: screenshots/step_20250807_163429_855.png
{"logLevel":"debug","message":"Executing '{} elementine tıkla' using 'class steps.KapImpl.clickButton"}
[16:34:29] [INFO ] KapTestLogger - 'BTN_SIRKET_BILDIRIMI' anahtarına karşılık gelen element tıklanıyor.
[16:34:29] [INFO ] KapTestLogger - Tıklama işlemi başarıyla tamamlandı.
[16:34:29] [INFO ] KapTestLogger - Ekran görüntüsü kaydedildi: screenshots/step_20250807_163429_953.png
{"logLevel":"debug","message":"Executing '{} elementine tıkla' using 'class steps.KapImpl.clickButton"}
[16:34:29] [INFO ] KapTestLogger - 'SELECT_BOX_COMPANY_GROUP' anahtarına karşılık gelen element tıklanıyor.
[16:34:29] [INFO ] KapTestLogger - Tıklama işlemi başarıyla tamamlandı.
[16:34:30] [INFO ] KapTestLogger - Ekran görüntüsü kaydedildi: screenshots/step_20250807_163430_054.png
{"logLevel":"debug","message":"Executing 'Sirket grubu menüsünden {} seç' using 'class steps.QueryImpl.clickCompanyGroup"}
[16:34:30] [INFO ] KapTestLogger - 'İşlem Gören Şirketler' parametresi ile şirket grubu seçiliyor...
[16:34:30] [INFO ] KapTestLogger - 'DROPDOWN_MENU_GENERIC' anahtarına karşılık gelen raw locator alınıyor.
[16:34:30] [INFO ] KapTestLogger - Locator ile tıklama işlemi başlatılıyor: By.xpath: //div[contains(@class, 'select-option') and text()='İşlem Gören Şirketler']
[16:34:30] [INFO ] KapTestLogger - Tıklama işlemi başarıyla tamamlandı.
[16:34:30] [INFO ] KapTestLogger - Şirket grubu başarıyla seçildi: İşlem Gören Şirketler
[16:34:30] [INFO ] KapTestLogger - Ekran görüntüsü kaydedildi: screenshots/step_20250807_163430_170.png
{"logLevel":"debug","message":"Executing 'Tablodaki veriyi tarih alanina gir {}' using 'class steps.QueryImpl.enterDateAndClickButton"}
[16:34:30] [INFO ] KapTestLogger - Tarih seçme işlemi başlatıldı.
[16:34:30] [INFO ] KapTestLogger - 'DATE_PICKER_BASLANGIC_TARIHI' anahtarına karşılık gelen element scroll ediliyor ve tıklanıyor.
[16:34:30] [INFO ] KapTestLogger - 'DATE_PICKER_BASLANGIC_TARIHI' anahtarına karşılık gelen locator alınıyor.
[16:34:30] [INFO ] KapTestLogger - Locator'a scroll ediliyor ve tıklanıyor: By.xpath: //label[text()='Başlangıç Tarihi']/following-sibling::div
[16:34:30] [INFO ] KapTestLogger - Element scroll ediliyor ve tıklanıyor: [[ChromeDriver: chrome on mac (7a750b0ab08e55087b49cf32aefc4fe6)] -> xpath: //label[text()='Başlangıç Tarihi']/following-sibling::div]
[16:34:31] [INFO ] KapTestLogger - Scroll ve tıklama işlemi başarıyla tamamlandı.
[16:34:31] [INFO ] KapTestLogger - 'BTN_SWITCH_TO_YEAR_VIEW' anahtarına karşılık gelen element tıklanıyor.
[16:34:31] [INFO ] KapTestLogger - Tıklama işlemi başarıyla tamamlandı.
[16:34:31] [INFO ] KapTestLogger - 'BTN_SELECT_YEAR' anahtarına karşılık gelen raw locator alınıyor.
[16:34:31] [INFO ] KapTestLogger - Locator ile tıklama işlemi başlatılıyor: By.xpath: //button[text()='2025']
[16:34:31] [INFO ] KapTestLogger - Tıklama işlemi başarıyla tamamlandı.
[16:34:31] [INFO ] KapTestLogger - Yıl seçildi: 2025
[16:34:31] [INFO ] KapTestLogger - 'BTN_SELECT_MONTH' anahtarına karşılık gelen raw locator alınıyor.
[16:34:31] [INFO ] KapTestLogger - Locator ile tıklama işlemi başlatılıyor: By.xpath: //button[contains(@aria-label, 'Haziran') or text()[contains(.,'Haz')]]
[16:34:32] [INFO ] KapTestLogger - Tıklama işlemi başarıyla tamamlandı.
[16:34:32] [INFO ] KapTestLogger - Ay seçildi: Haziran (06)
[16:34:32] [INFO ] KapTestLogger - 'BTN_SELECT_DAY' anahtarına karşılık gelen raw locator alınıyor.
[16:34:32] [INFO ] KapTestLogger - Locator ile tıklama işlemi başlatılıyor: By.xpath: //button[text()='1']
[16:34:32] [INFO ] KapTestLogger - Tıklama işlemi başarıyla tamamlandı.
[16:34:32] [INFO ] KapTestLogger - Gün seçildi: 1
[16:34:32] [INFO ] KapTestLogger - Tarih seçme işlemi tamamlandı.
[16:34:32] [INFO ] KapTestLogger - Ekran görüntüsü kaydedildi: screenshots/step_20250807_163432_574.png
{"logLevel":"debug","message":"Executing '{} elementine JS ile tıklanır' using 'class steps.QueryImpl.JsClickButton"}
[16:34:32] [INFO ] KapTestLogger - 'BTN_ARA' anahtarına karşılık gelen locator alınıyor.
[16:34:32] [INFO ] KapTestLogger - JS ile element tıklanıyor: [[ChromeDriver: chrome on mac (7a750b0ab08e55087b49cf32aefc4fe6)] -> xpath: //button[text()='Ara']]
[16:34:32] [INFO ] KapTestLogger - Ekran görüntüsü kaydedildi: screenshots/step_20250807_163432_671.png
{"logLevel":"debug","message":"Executing '{} içeren ilk satıra tıklanır' using 'class steps.ResultImpl.clickFirstRowContainingText"}
[16:34:32] [INFO ] KapTestLogger - 'QNB' metnini içeren ilk satıra tıklanıyor...
[16:34:32] [INFO ] KapTestLogger - Yüklenme göstergesinin kaybolması bekleniyor...
[16:34:32] [INFO ] KapTestLogger - 'PROGRESS_INDICATOR' anahtarına karşılık gelen locator alınıyor.
[16:34:32] [INFO ] KapTestLogger - Yüklenme göstergesi kayboldu, sonuçlar yüklendi.
[16:34:32] [INFO ] KapTestLogger - 'ROW_CONTAINING_TEXT' anahtarına karşılık gelen raw locator alınıyor.
[16:34:34] [INFO ] KapTestLogger - 'CLICKABLE_CELL_IN_ROW' anahtarına karşılık gelen locator alınıyor.
[16:34:34] [INFO ] KapTestLogger - JS ile element tıklanıyor: [[[[ChromeDriver: chrome on mac (7a750b0ab08e55087b49cf32aefc4fe6)] -> xpath: //tr[contains(@class, 'cursor-pointer') and contains(., 'QNB')]]] -> css selector: td[name='notification-navigation']]
[16:34:34] [INFO ] KapTestLogger - Satır bulundu ve tıklandı: QNB
[16:34:34] [INFO ] KapTestLogger - Yeni sekmeye geçiş yapılıyor...
[16:34:34] [INFO ] KapTestLogger - Yeni sekmeye geçildi.
[16:34:34] [INFO ] KapTestLogger - Ekran görüntüsü kaydedildi: screenshots/step_20250807_163434_297.png
{"logLevel":"debug","message":"Executing 'Sayfanın URL'si {} içermeli' using 'class steps.NotificationDetailsImpl.urlShouldContain"}
[16:34:34] [INFO ] KapTestLogger - Ekran görüntüsü kaydedildi: screenshots/step_20250807_163434_371.png
[16:34:34] [INFO ] KapTestLogger - Senaryo tamamlandı...
[16:34:34] [INFO ] KapTestLogger - WebDriver kapatılıyor...
[16:34:34] [INFO ] KapTestLogger - WebDriver null olarak sıfırlandı.
[16:34:34] [INFO ] KapTestLogger - Scenario başlatılıyor...
[16:34:34] [INFO ] KapTestLogger - Yeni WebDriver örneği oluşturuluyor...
[16:34:34] [INFO ] KapTestLogger - Indirme klasörü temizleniyor: /Users/alper/Desktop/TestAutomationCase/target/downloads
[16:34:34] [INFO ] KapTestLogger - İndirme klasörü zaten mevcut: /Users/alper/Desktop/TestAutomationCase/target/downloads
[16:34:35] [INFO ] KapTestLogger - WebDriver başarıyla başlatıldı.
{"logLevel":"debug","message":"Executing 'Dosya indirme dizinini temizle' using 'class steps.KapImpl.clearDownloadDir"}
[16:34:35] [INFO ] KapTestLogger - Ekran görüntüsü kaydedildi: screenshots/step_20250807_163435_200.png
{"logLevel":"debug","message":"Executing '{} cihaz tipi için tarayici boyutu ayarla' using 'class steps.KapImpl.setBrowserSizeByDevice"}
[16:34:35] [INFO ] KapTestLogger - tablet cihaz tipi için tarayıcı boyutu ayarlandı: (768, 1024)
[16:34:35] [INFO ] KapTestLogger - Ekran görüntüsü kaydedildi: screenshots/step_20250807_163435_606.png
{"logLevel":"debug","message":"Executing 'Kullanıcı {} sayfasina git' using 'class steps.KapImpl.navigateToUrl"}
[16:34:36] [INFO ] KapTestLogger - Ekran görüntüsü kaydedildi: screenshots/step_20250807_163436_053.png
{"logLevel":"debug","message":"Executing 'Sayfanın URL'si {} olsun' using 'class steps.KapImpl.checkCurrentUrl"}
[16:34:36] [INFO ] KapTestLogger - Ekran görüntüsü kaydedildi: screenshots/step_20250807_163436_168.png
{"logLevel":"debug","message":"Executing '{} elementine tıkla' using 'class steps.KapImpl.clickButton"}
[16:34:36] [INFO ] KapTestLogger - 'BTN_MOBILE_MENU' anahtarına karşılık gelen element tıklanıyor.
[16:34:36] [INFO ] KapTestLogger - Tıklama işlemi başarıyla tamamlandı.
[16:34:36] [INFO ] KapTestLogger - Ekran görüntüsü kaydedildi: screenshots/step_20250807_163436_304.png
{"logLevel":"debug","message":"Executing '{} elementine tıkla' using 'class steps.KapImpl.clickButton"}
[16:34:36] [INFO ] KapTestLogger - 'BTN_BILDIRIM_SORGULARI' anahtarına karşılık gelen element tıklanıyor.
[16:34:36] [INFO ] KapTestLogger - Tıklama işlemi başarıyla tamamlandı.
[16:34:36] [INFO ] KapTestLogger - Ekran görüntüsü kaydedildi: screenshots/step_20250807_163436_418.png
{"logLevel":"debug","message":"Executing '{} elementine tıkla' using 'class steps.KapImpl.clickButton"}
[16:34:36] [INFO ] KapTestLogger - 'BTN_DETAYLI_SORGULAMA' anahtarına karşılık gelen element tıklanıyor.
[16:34:36] [INFO ] KapTestLogger - Tıklama işlemi başarıyla tamamlandı.
[16:34:37] [INFO ] KapTestLogger - Ekran görüntüsü kaydedildi: screenshots/step_20250807_163437_100.png
{"logLevel":"debug","message":"Executing 'Sayfanın URL'si {} olsun' using 'class steps.KapImpl.checkCurrentUrl"}
[16:34:37] [INFO ] KapTestLogger - Ekran görüntüsü kaydedildi: screenshots/step_20250807_163437_223.png
{"logLevel":"debug","message":"Executing '{} elementine tıkla' using 'class steps.KapImpl.clickButton"}
[16:34:37] [INFO ] KapTestLogger - 'BTN_SIRKET_BILDIRIMI' anahtarına karşılık gelen element tıklanıyor.
[16:34:37] [INFO ] KapTestLogger - Tıklama işlemi başarıyla tamamlandı.
[16:34:37] [INFO ] KapTestLogger - Ekran görüntüsü kaydedildi: screenshots/step_20250807_163437_340.png
{"logLevel":"debug","message":"Executing '{} elementine tıkla' using 'class steps.KapImpl.clickButton"}
[16:34:37] [INFO ] KapTestLogger - 'SELECT_BOX_COMPANY_GROUP' anahtarına karşılık gelen element tıklanıyor.
[16:34:37] [INFO ] KapTestLogger - Tıklama işlemi başarıyla tamamlandı.
[16:34:37] [INFO ] KapTestLogger - Ekran görüntüsü kaydedildi: screenshots/step_20250807_163437_474.png
{"logLevel":"debug","message":"Executing 'Sirket grubu menüsünden {} seç' using 'class steps.QueryImpl.clickCompanyGroup"}
[16:34:37] [INFO ] KapTestLogger - 'İşlem Gören Şirketler' parametresi ile şirket grubu seçiliyor...
[16:34:37] [INFO ] KapTestLogger - 'DROPDOWN_MENU_GENERIC' anahtarına karşılık gelen raw locator alınıyor.
[16:34:37] [INFO ] KapTestLogger - Locator ile tıklama işlemi başlatılıyor: By.xpath: //div[contains(@class, 'select-option') and text()='İşlem Gören Şirketler']
[16:34:37] [INFO ] KapTestLogger - Tıklama işlemi başarıyla tamamlandı.
[16:34:37] [INFO ] KapTestLogger - Şirket grubu başarıyla seçildi: İşlem Gören Şirketler
[16:34:37] [INFO ] KapTestLogger - Ekran görüntüsü kaydedildi: screenshots/step_20250807_163437_606.png
{"logLevel":"debug","message":"Executing 'Tablodaki veriyi tarih alanina gir {}' using 'class steps.QueryImpl.enterDateAndClickButton"}
[16:34:37] [INFO ] KapTestLogger - Tarih seçme işlemi başlatıldı.
[16:34:37] [INFO ] KapTestLogger - 'DATE_PICKER_BASLANGIC_TARIHI' anahtarına karşılık gelen element scroll ediliyor ve tıklanıyor.
[16:34:37] [INFO ] KapTestLogger - 'DATE_PICKER_BASLANGIC_TARIHI' anahtarına karşılık gelen locator alınıyor.
[16:34:37] [INFO ] KapTestLogger - Locator'a scroll ediliyor ve tıklanıyor: By.xpath: //label[text()='Başlangıç Tarihi']/following-sibling::div
[16:34:37] [INFO ] KapTestLogger - Element scroll ediliyor ve tıklanıyor: [[ChromeDriver: chrome on mac (6879d669791f2dfc8e41683152f90a39)] -> xpath: //label[text()='Başlangıç Tarihi']/following-sibling::div]
[16:34:38] [INFO ] KapTestLogger - Scroll ve tıklama işlemi başarıyla tamamlandı.
[16:34:38] [INFO ] KapTestLogger - 'BTN_SWITCH_TO_YEAR_VIEW' anahtarına karşılık gelen element tıklanıyor.
[16:34:38] [INFO ] KapTestLogger - Tıklama işlemi başarıyla tamamlandı.
[16:34:38] [INFO ] KapTestLogger - 'BTN_SELECT_YEAR' anahtarına karşılık gelen raw locator alınıyor.
[16:34:38] [INFO ] KapTestLogger - Locator ile tıklama işlemi başlatılıyor: By.xpath: //button[text()='2025']
[16:34:39] [INFO ] KapTestLogger - Tıklama işlemi başarıyla tamamlandı.
[16:34:39] [INFO ] KapTestLogger - Yıl seçildi: 2025
[16:34:39] [INFO ] KapTestLogger - 'BTN_SELECT_MONTH' anahtarına karşılık gelen raw locator alınıyor.
[16:34:39] [INFO ] KapTestLogger - Locator ile tıklama işlemi başlatılıyor: By.xpath: //button[contains(@aria-label, 'Haziran') or text()[contains(.,'Haz')]]
[16:34:39] [INFO ] KapTestLogger - Tıklama işlemi başarıyla tamamlandı.
[16:34:39] [INFO ] KapTestLogger - Ay seçildi: Haziran (06)
[16:34:39] [INFO ] KapTestLogger - 'BTN_SELECT_DAY' anahtarına karşılık gelen raw locator alınıyor.
[16:34:39] [INFO ] KapTestLogger - Locator ile tıklama işlemi başlatılıyor: By.xpath: //button[text()='1']
[16:34:39] [INFO ] KapTestLogger - Tıklama işlemi başarıyla tamamlandı.
[16:34:39] [INFO ] KapTestLogger - Gün seçildi: 1
[16:34:39] [INFO ] KapTestLogger - Tarih seçme işlemi tamamlandı.
[16:34:40] [INFO ] KapTestLogger - Ekran görüntüsü kaydedildi: screenshots/step_20250807_163440_041.png
{"logLevel":"debug","message":"Executing '{} elementine JS ile tıklanır' using 'class steps.QueryImpl.JsClickButton"}
[16:34:40] [INFO ] KapTestLogger - 'BTN_ARA' anahtarına karşılık gelen locator alınıyor.
[16:34:40] [INFO ] KapTestLogger - JS ile element tıklanıyor: [[ChromeDriver: chrome on mac (6879d669791f2dfc8e41683152f90a39)] -> xpath: //button[text()='Ara']]
[16:34:40] [INFO ] KapTestLogger - Ekran görüntüsü kaydedildi: screenshots/step_20250807_163440_149.png
{"logLevel":"debug","message":"Executing '{} içeren ilk satıra tıklanır' using 'class steps.ResultImpl.clickFirstRowContainingText"}
[16:34:40] [INFO ] KapTestLogger - 'QNB' metnini içeren ilk satıra tıklanıyor...
[16:34:40] [INFO ] KapTestLogger - Yüklenme göstergesinin kaybolması bekleniyor...
[16:34:40] [INFO ] KapTestLogger - 'PROGRESS_INDICATOR' anahtarına karşılık gelen locator alınıyor.
[16:34:40] [INFO ] KapTestLogger - Yüklenme göstergesi kayboldu, sonuçlar yüklendi.
[16:34:40] [INFO ] KapTestLogger - 'ROW_CONTAINING_TEXT' anahtarına karşılık gelen raw locator alınıyor.
[16:34:41] [INFO ] KapTestLogger - 'CLICKABLE_CELL_IN_ROW' anahtarına karşılık gelen locator alınıyor.
[16:34:41] [INFO ] KapTestLogger - JS ile element tıklanıyor: [[[[ChromeDriver: chrome on mac (6879d669791f2dfc8e41683152f90a39)] -> xpath: //tr[contains(@class, 'cursor-pointer') and contains(., 'QNB')]]] -> css selector: td[name='notification-navigation']]
[16:34:41] [INFO ] KapTestLogger - Satır bulundu ve tıklandı: QNB
[16:34:41] [INFO ] KapTestLogger - Yeni sekmeye geçiş yapılıyor...
[16:34:41] [INFO ] KapTestLogger - Yeni sekmeye geçildi.
[16:34:41] [INFO ] KapTestLogger - Ekran görüntüsü kaydedildi: screenshots/step_20250807_163441_693.png
{"logLevel":"debug","message":"Executing 'Sayfanın URL'si {} içermeli' using 'class steps.NotificationDetailsImpl.urlShouldContain"}
[16:34:41] [INFO ] KapTestLogger - Ekran görüntüsü kaydedildi: screenshots/step_20250807_163441_793.png
[16:34:41] [INFO ] KapTestLogger - Senaryo tamamlandı...
[16:34:41] [INFO ] KapTestLogger - WebDriver kapatılıyor...
[16:34:41] [INFO ] KapTestLogger - WebDriver null olarak sıfırlandı.
[16:34:41] [INFO ] KapTestLogger - Scenario başlatılıyor...
[16:34:41] [INFO ] KapTestLogger - Yeni WebDriver örneği oluşturuluyor...
[16:34:41] [INFO ] KapTestLogger - Indirme klasörü temizleniyor: /Users/alper/Desktop/TestAutomationCase/target/downloads
[16:34:41] [INFO ] KapTestLogger - İndirme klasörü zaten mevcut: /Users/alper/Desktop/TestAutomationCase/target/downloads
[16:34:42] [INFO ] KapTestLogger - WebDriver başarıyla başlatıldı.
{"logLevel":"debug","message":"Executing 'Dosya indirme dizinini temizle' using 'class steps.KapImpl.clearDownloadDir"}
[16:34:42] [INFO ] KapTestLogger - Ekran görüntüsü kaydedildi: screenshots/step_20250807_163442_631.png
{"logLevel":"debug","message":"Executing '{} cihaz tipi için tarayici boyutu ayarla' using 'class steps.KapImpl.setBrowserSizeByDevice"}
[16:34:42] [INFO ] KapTestLogger - masaüstü cihaz tipi için tarayıcı boyutu ayarlandı: (1920, 1080)
[16:34:43] [INFO ] KapTestLogger - Ekran görüntüsü kaydedildi: screenshots/step_20250807_163443_104.png
{"logLevel":"debug","message":"Executing 'Kullanıcı {} sayfasina git' using 'class steps.KapImpl.navigateToUrl"}
[16:34:43] [INFO ] KapTestLogger - Ekran görüntüsü kaydedildi: screenshots/step_20250807_163443_669.png
{"logLevel":"debug","message":"Executing 'Sayfanın URL'si {} olsun' using 'class steps.KapImpl.checkCurrentUrl"}
[16:34:43] [INFO ] KapTestLogger - Ekran görüntüsü kaydedildi: screenshots/step_20250807_163443_931.png
{"logLevel":"debug","message":"Executing '{} elementine tıkla' using 'class steps.KapImpl.clickButton"}
[16:34:43] [INFO ] KapTestLogger - 'BTN_BILDIRIM_SORGULARI' anahtarına karşılık gelen element tıklanıyor.
[16:34:43] [INFO ] KapTestLogger - Tıklama işlemi başarıyla tamamlandı.
[16:34:44] [INFO ] KapTestLogger - Ekran görüntüsü kaydedildi: screenshots/step_20250807_163444_249.png
{"logLevel":"debug","message":"Executing '{} elementine tıkla' using 'class steps.KapImpl.clickButton"}
[16:34:44] [INFO ] KapTestLogger - 'BTN_DETAYLI_SORGULAMA' anahtarına karşılık gelen element tıklanıyor.
[16:34:44] [INFO ] KapTestLogger - Tıklama işlemi başarıyla tamamlandı.
[16:34:44] [INFO ] KapTestLogger - Ekran görüntüsü kaydedildi: screenshots/step_20250807_163444_554.png
{"logLevel":"debug","message":"Executing 'Sayfanın URL'si {} olsun' using 'class steps.KapImpl.checkCurrentUrl"}
[16:34:44] [INFO ] KapTestLogger - Ekran görüntüsü kaydedildi: screenshots/step_20250807_163444_699.png
{"logLevel":"debug","message":"Executing '{} elementine tıkla' using 'class steps.KapImpl.clickButton"}
[16:34:44] [INFO ] KapTestLogger - 'BTN_SIRKET_BILDIRIMI' anahtarına karşılık gelen element tıklanıyor.
[16:34:44] [INFO ] KapTestLogger - Tıklama işlemi başarıyla tamamlandı.
[16:34:44] [INFO ] KapTestLogger - Ekran görüntüsü kaydedildi: screenshots/step_20250807_163444_906.png
{"logLevel":"debug","message":"Executing '{} elementine tıkla' using 'class steps.KapImpl.clickButton"}
[16:34:44] [INFO ] KapTestLogger - 'SELECT_BOX_COMPANY_GROUP' anahtarına karşılık gelen element tıklanıyor.
[16:34:44] [INFO ] KapTestLogger - Tıklama işlemi başarıyla tamamlandı.
[16:34:45] [INFO ] KapTestLogger - Ekran görüntüsü kaydedildi: screenshots/step_20250807_163445_122.png
{"logLevel":"debug","message":"Executing 'Sirket grubu menüsünden {} seç' using 'class steps.QueryImpl.clickCompanyGroup"}
[16:34:45] [INFO ] KapTestLogger - 'İşlem Gören Şirketler' parametresi ile şirket grubu seçiliyor...
[16:34:45] [INFO ] KapTestLogger - 'DROPDOWN_MENU_GENERIC' anahtarına karşılık gelen raw locator alınıyor.
[16:34:45] [INFO ] KapTestLogger - Locator ile tıklama işlemi başlatılıyor: By.xpath: //div[contains(@class, 'select-option') and text()='İşlem Gören Şirketler']
[16:34:45] [INFO ] KapTestLogger - Tıklama işlemi başarıyla tamamlandı.
[16:34:45] [INFO ] KapTestLogger - Şirket grubu başarıyla seçildi: İşlem Gören Şirketler
[16:34:45] [INFO ] KapTestLogger - Ekran görüntüsü kaydedildi: screenshots/step_20250807_163445_321.png
{"logLevel":"debug","message":"Executing 'Tablodaki veriyi tarih alanina gir {}' using 'class steps.QueryImpl.enterDateAndClickButton"}
[16:34:45] [INFO ] KapTestLogger - Tarih seçme işlemi başlatıldı.
[16:34:45] [INFO ] KapTestLogger - 'DATE_PICKER_BASLANGIC_TARIHI' anahtarına karşılık gelen element scroll ediliyor ve tıklanıyor.
[16:34:45] [INFO ] KapTestLogger - 'DATE_PICKER_BASLANGIC_TARIHI' anahtarına karşılık gelen locator alınıyor.
[16:34:45] [INFO ] KapTestLogger - Locator'a scroll ediliyor ve tıklanıyor: By.xpath: //label[text()='Başlangıç Tarihi']/following-sibling::div
[16:34:45] [INFO ] KapTestLogger - Element scroll ediliyor ve tıklanıyor: [[ChromeDriver: chrome on mac (d3fd0bc89902d15375e4c157105acd56)] -> xpath: //label[text()='Başlangıç Tarihi']/following-sibling::div]
[16:34:46] [INFO ] KapTestLogger - Scroll ve tıklama işlemi başarıyla tamamlandı.
[16:34:46] [INFO ] KapTestLogger - 'BTN_SWITCH_TO_YEAR_VIEW' anahtarına karşılık gelen element tıklanıyor.
[16:34:46] [INFO ] KapTestLogger - Tıklama işlemi başarıyla tamamlandı.
[16:34:46] [INFO ] KapTestLogger - 'BTN_SELECT_YEAR' anahtarına karşılık gelen raw locator alınıyor.
[16:34:46] [INFO ] KapTestLogger - Locator ile tıklama işlemi başlatılıyor: By.xpath: //button[text()='2025']
[16:34:46] [INFO ] KapTestLogger - Tıklama işlemi başarıyla tamamlandı.
[16:34:46] [INFO ] KapTestLogger - Yıl seçildi: 2025
[16:34:46] [INFO ] KapTestLogger - 'BTN_SELECT_MONTH' anahtarına karşılık gelen raw locator alınıyor.
[16:34:46] [INFO ] KapTestLogger - Locator ile tıklama işlemi başlatılıyor: By.xpath: //button[contains(@aria-label, 'Haziran') or text()[contains(.,'Haz')]]
[16:34:47] [INFO ] KapTestLogger - Tıklama işlemi başarıyla tamamlandı.
[16:34:47] [INFO ] KapTestLogger - Ay seçildi: Haziran (06)
[16:34:47] [INFO ] KapTestLogger - 'BTN_SELECT_DAY' anahtarına karşılık gelen raw locator alınıyor.
[16:34:47] [INFO ] KapTestLogger - Locator ile tıklama işlemi başlatılıyor: By.xpath: //button[text()='1']
[16:34:47] [INFO ] KapTestLogger - Tıklama işlemi başarıyla tamamlandı.
[16:34:47] [INFO ] KapTestLogger - Gün seçildi: 1
[16:34:47] [INFO ] KapTestLogger - Tarih seçme işlemi tamamlandı.
[16:34:47] [INFO ] KapTestLogger - Ekran görüntüsü kaydedildi: screenshots/step_20250807_163447_827.png
{"logLevel":"debug","message":"Executing '{} elementine JS ile tıklanır' using 'class steps.QueryImpl.JsClickButton"}
[16:34:47] [INFO ] KapTestLogger - 'BTN_ARA' anahtarına karşılık gelen locator alınıyor.
[16:34:47] [INFO ] KapTestLogger - JS ile element tıklanıyor: [[ChromeDriver: chrome on mac (d3fd0bc89902d15375e4c157105acd56)] -> xpath: //button[text()='Ara']]
[16:34:47] [INFO ] KapTestLogger - Ekran görüntüsü kaydedildi: screenshots/step_20250807_163447_980.png
{"logLevel":"debug","message":"Executing '{} içeren ilk satıra tıklanır' using 'class steps.ResultImpl.clickFirstRowContainingText"}
[16:34:47] [INFO ] KapTestLogger - 'QNB' metnini içeren ilk satıra tıklanıyor...
[16:34:47] [INFO ] KapTestLogger - Yüklenme göstergesinin kaybolması bekleniyor...
[16:34:47] [INFO ] KapTestLogger - 'PROGRESS_INDICATOR' anahtarına karşılık gelen locator alınıyor.
[16:34:47] [INFO ] KapTestLogger - Yüklenme göstergesi kayboldu, sonuçlar yüklendi.
[16:34:47] [INFO ] KapTestLogger - 'ROW_CONTAINING_TEXT' anahtarına karşılık gelen raw locator alınıyor.
[16:34:49] [INFO ] KapTestLogger - 'CLICKABLE_CELL_IN_ROW' anahtarına karşılık gelen locator alınıyor.
[16:34:49] [INFO ] KapTestLogger - JS ile element tıklanıyor: [[[[ChromeDriver: chrome on mac (d3fd0bc89902d15375e4c157105acd56)] -> xpath: //tr[contains(@class, 'cursor-pointer') and contains(., 'QNB')]]] -> css selector: td[name='notification-navigation']]
[16:34:49] [INFO ] KapTestLogger - Satır bulundu ve tıklandı: QNB
[16:34:49] [INFO ] KapTestLogger - Yeni sekmeye geçiş yapılıyor...
[16:34:49] [INFO ] KapTestLogger - Yeni sekmeye geçildi.
[16:34:49] [INFO ] KapTestLogger - Ekran görüntüsü kaydedildi: screenshots/step_20250807_163449_778.png
{"logLevel":"debug","message":"Executing 'Sayfanın URL'si {} içermeli' using 'class steps.NotificationDetailsImpl.urlShouldContain"}
[16:34:49] [INFO ] KapTestLogger - Ekran görüntüsü kaydedildi: screenshots/step_20250807_163449_961.png
{"logLevel":"debug","message":"Executing 'İndirilecek dosya formatı {} seçilir' using 'class steps.NotificationDetailsImpl.clickFileFormat"}
[16:34:49] [INFO ] KapTestLogger - 'excel' parametresi ile dosya indirme butonuna tıklanıyor...
[16:34:49] [INFO ] KapTestLogger - 'BTN_FILE_DOWNLOAD_GENERIC' anahtarına karşılık gelen raw locator alınıyor.
[16:34:49] [INFO ] KapTestLogger - Locator ile tıklama işlemi başlatılıyor: By.xpath: //a[contains(@href, '/export/excel')]
[16:34:49] [INFO ] KapTestLogger - Tıklama işlemi başarıyla tamamlandı.
[16:34:49] [INFO ] KapTestLogger - Dosya indirme butonuna başarıyla tıklandı.
[16:34:50] [INFO ] KapTestLogger - Ekran görüntüsü kaydedildi: screenshots/step_20250807_163450_186.png
{"logLevel":"debug","message":"Executing '{} dosyası {} olarak indirilmiş olmalı' using 'class steps.NotificationDetailsImpl.checkExcelDownloaded"}
[16:34:50] [INFO ] KapTestLogger - Dosya indirme bekleniyor: /Users/alper/Desktop/TestAutomationCase/target/downloads/Bildirimler.xls (Zaman aşımı: 10 saniye)
[16:34:50] [INFO ] KapTestLogger - Dosya başarıyla indirildi: /Users/alper/Desktop/TestAutomationCase/target/downloads/Bildirimler.xls
[16:34:50] [INFO ] KapTestLogger - Ekran görüntüsü kaydedildi: screenshots/step_20250807_163450_510.png
{"logLevel":"debug","message":"Executing 'XLS dosyasındaki veriler ile web sayfasındaki veriler karşılaştırılır {}' using 'class steps.NotificationDetailsImpl.comparexlsWithWeb"}
[16:34:50] [INFO ] KapTestLogger - XLS ve web verileri karşılaştırılıyor. XLS dosyası: /target/downloads/Bildirimler.xls
[16:34:50] [INFO ] KapTestLogger - XLS dosyası parse ediliyor: /Users/alper/Desktop/TestAutomationCase/target/downloads/Bildirimler.xls
[16:34:50] [INFO ] KapTestLogger - Toplam 0 satır bulundu.
[16:34:50] [WARN ] KapTestLogger - Açıklama alanı bulunamadı.
[16:34:50] [INFO ] KapTestLogger - XLS parse işlemi tamamlandı. Toplam 1 veri alındı.
[16:34:50] [INFO ] KapTestLogger - Web sayfasından veri çekme işlemi başlatıldı.
[16:34:50] [INFO ] KapTestLogger - 0 satır bulundu.
[16:34:50] [WARN ] KapTestLogger - Açıklama alanı bulunamadı, atlanıyor.
org.openqa.selenium.NoSuchElementException: no such element: Unable to locate element: {"method":"css selector","selector":".text-block-value"}
  (Session info: chrome=138.0.7204.185)
For documentation on this error, please visit: https://www.selenium.dev/documentation/webdriver/troubleshooting/errors#no-such-element-exception
Build info: version: '4.34.0', revision: '707dcb4246*'
System info: os.name: 'Mac OS X', os.arch: 'aarch64', os.version: '15.6', java.version: '17.0.12'
Driver info: org.openqa.selenium.chrome.ChromeDriver
Command: [d3fd0bc89902d15375e4c157105acd56, findElement {using=css selector, value=.text-block-value}]
Capabilities {acceptInsecureCerts: false, browserName: chrome, browserVersion: 138.0.7204.185, chrome: {chromedriverVersion: 138.0.7204.183 (e90faf484dd..., userDataDir: /var/folders/yn/zc0bqj7s5kx...}, fedcm:accounts: true, goog:chromeOptions: {debuggerAddress: localhost:61892}, networkConnectionEnabled: false, pageLoadStrategy: normal, platformName: mac, proxy: Proxy(), se:cdp: ws://localhost:61892/devtoo..., se:cdpVersion: 138.0.7204.185, setWindowRect: true, strictFileInteractability: false, timeouts: {implicit: 0, pageLoad: 300000, script: 30000}, unhandledPromptBehavior: dismiss and notify, webauthn:extension:credBlob: true, webauthn:extension:largeBlob: true, webauthn:extension:minPinLength: true, webauthn:extension:prf: true, webauthn:virtualAuthenticators: true}
Session ID: d3fd0bc89902d15375e4c157105acd56
	at java.base/jdk.internal.reflect.NativeConstructorAccessorImpl.newInstance0(Native Method) ~[?:?]
	at java.base/jdk.internal.reflect.NativeConstructorAccessorImpl.newInstance(NativeConstructorAccessorImpl.java:77) ~[?:?]
	at java.base/jdk.internal.reflect.DelegatingConstructorAccessorImpl.newInstance(DelegatingConstructorAccessorImpl.java:45) ~[?:?]
	at java.base/java.lang.reflect.Constructor.newInstanceWithCaller(Constructor.java:499) ~[?:?]
	at java.base/java.lang.reflect.Constructor.newInstance(Constructor.java:480) ~[?:?]
	at org.openqa.selenium.remote.ErrorCodec.decode(ErrorCodec.java:167) ~[selenium-remote-driver-4.34.0.jar:?]
	at org.openqa.selenium.remote.codec.w3c.W3CHttpResponseCodec.decode(W3CHttpResponseCodec.java:138) ~[selenium-remote-driver-4.34.0.jar:?]
	at org.openqa.selenium.remote.codec.w3c.W3CHttpResponseCodec.decode(W3CHttpResponseCodec.java:50) ~[selenium-remote-driver-4.34.0.jar:?]
	at org.openqa.selenium.remote.HttpCommandExecutor.execute(HttpCommandExecutor.java:215) ~[selenium-remote-driver-4.34.0.jar:?]
	at org.openqa.selenium.remote.service.DriverCommandExecutor.invokeExecute(DriverCommandExecutor.java:216) ~[selenium-remote-driver-4.34.0.jar:?]
	at org.openqa.selenium.remote.service.DriverCommandExecutor.execute(DriverCommandExecutor.java:174) ~[selenium-remote-driver-4.34.0.jar:?]
	at org.openqa.selenium.remote.RemoteWebDriver.execute(RemoteWebDriver.java:544) ~[selenium-remote-driver-4.34.0.jar:?]
	at org.openqa.selenium.remote.ElementLocation$ElementFinder$2.findElement(ElementLocation.java:165) ~[selenium-remote-driver-4.34.0.jar:?]
	at org.openqa.selenium.remote.ElementLocation.findElement(ElementLocation.java:59) ~[selenium-remote-driver-4.34.0.jar:?]
	at org.openqa.selenium.remote.RemoteWebDriver.findElement(RemoteWebDriver.java:367) ~[selenium-remote-driver-4.34.0.jar:?]
	at org.openqa.selenium.remote.RemoteWebDriver.findElement(RemoteWebDriver.java:361) ~[selenium-remote-driver-4.34.0.jar:?]
	at utils.CompareWebWithXlsUtils.extractWebData(CompareWebWithXlsUtils.java:134) ~[classes/:?]
	at utils.CompareWebWithXlsUtils.compareXlsWithWeb(CompareWebWithXlsUtils.java:35) ~[classes/:?]
	at steps.NotificationDetailsImpl.comparexlsWithWeb(NotificationDetailsImpl.java:43) ~[test-classes/:?]
	at java.base/jdk.internal.reflect.NativeMethodAccessorImpl.invoke0(Native Method) ~[?:?]
	at java.base/jdk.internal.reflect.NativeMethodAccessorImpl.invoke(NativeMethodAccessorImpl.java:77) ~[?:?]
	at java.base/jdk.internal.reflect.DelegatingMethodAccessorImpl.invoke(DelegatingMethodAccessorImpl.java:43) ~[?:?]
	at java.base/java.lang.reflect.Method.invoke(Method.java:568) ~[?:?]
	at com.thoughtworks.gauge.execution.MethodExecutor.execute(MethodExecutor.java:31) ~[gauge-java-0.12.0.jar:?]
	at com.thoughtworks.gauge.execution.StepExecutionStage.executeStepMethod(StepExecutionStage.java:66) ~[gauge-java-0.12.0.jar:?]
	at com.thoughtworks.gauge.execution.StepExecutionStage.executeStep(StepExecutionStage.java:59) ~[gauge-java-0.12.0.jar:?]
	at com.thoughtworks.gauge.execution.StepExecutionStage.execute(StepExecutionStage.java:41) ~[gauge-java-0.12.0.jar:?]
	at com.thoughtworks.gauge.execution.AbstractExecutionStage.executeNext(AbstractExecutionStage.java:14) ~[gauge-java-0.12.0.jar:?]
	at com.thoughtworks.gauge.execution.HookExecutionStage.execute(HookExecutionStage.java:33) ~[gauge-java-0.12.0.jar:?]
	at com.thoughtworks.gauge.execution.ExecutionPipeline.start(ExecutionPipeline.java:19) ~[gauge-java-0.12.0.jar:?]
	at com.thoughtworks.gauge.processor.ExecuteStepProcessor.process(ExecuteStepProcessor.java:44) ~[gauge-java-0.12.0.jar:?]
	at com.thoughtworks.gauge.RunnerServiceHandler.lambda$executeStep$7(RunnerServiceHandler.java:166) ~[gauge-java-0.12.0.jar:?]
	at java.base/java.util.concurrent.ThreadPoolExecutor.runWorker(ThreadPoolExecutor.java:1136) [?:?]
	at java.base/java.util.concurrent.ThreadPoolExecutor$Worker.run(ThreadPoolExecutor.java:635) [?:?]
	at java.base/java.lang.Thread.run(Thread.java:842) [?:?]
[16:34:50] [INFO ] KapTestLogger - Web verisi başarıyla çekildi. Toplam 1 alan alındı.
[16:34:50] [INFO ] KapTestLogger - 'Gönderim Tarihi' alanı karşılaştırılıyor. Beklenen: '07.08.2025 15:22:00', Gerçek: '07.08.2025 15:22:00'
[16:34:50] [INFO ] KapTestLogger - XLS ve web karşılaştırması başarıyla tamamlandı.
[16:34:50] [INFO ] KapTestLogger - Ekran görüntüsü kaydedildi: screenshots/step_20250807_163450_728.png
[16:34:50] [INFO ] KapTestLogger - Senaryo tamamlandı...
[16:34:50] [INFO ] KapTestLogger - WebDriver kapatılıyor...
[16:34:50] [INFO ] KapTestLogger - WebDriver null olarak sıfırlandı.
[16:34:50] [INFO ] KapTestLogger - Test suite tamamlandı...
[16:34:50] [INFO ] KapTestLogger - Allure raporu oluşturuluyor...
[16:34:51] [INFO ] KapTestLogger - Allure raporu başarıyla oluşturuldu.
{"logLevel":"debug","message":"Killing Java runner..."}
{"logLevel":"debug","message":"Stopping execution pool..."}
{"logLevel":"debug","message":"Shutting down grpc server..."}
{"logLevel":"debug","message":"Runner killed gracefully."}
