{"logLevel":"debug","message":"multithreading is set to false"}
{"logLevel":"debug","message":"Using reflection to scan dependencies for gauge implementations..."}
WARNING: A terminally deprecated method in sun.misc.Unsafe has been called
WARNING: sun.misc.Unsafe::objectFieldOffset has been called by io.grpc.netty.shaded.io.netty.util.internal.PlatformDependent0$4 (file:/Users/alper/.m2/repository/io/grpc/grpc-netty-shaded/1.72.0/grpc-netty-shaded-1.72.0.jar)
WARNING: Please consider reporting this to the maintainers of class io.grpc.netty.shaded.io.netty.util.internal.PlatformDependent0$4
WARNING: sun.misc.Unsafe::objectFieldOffset will be removed in a future release
{"logLevel":"debug","message":"gauge-java took 309milliseconds to load and scan. This should be less than 'runner_connection_timeout' config value."}
{"logLevel":"debug","message":"run 'gauge config runner_connection_timeout' and verify that it is < 309"}
{"logLevel":"debug","message":"starting gRPC server..."}
{"logLevel":"debug","message":"started gRPC server on port 55944"}
{"logLevel":"info","message":"Listening on port:55944"}
[pool-1-thread-1] INFO org.reflections.Reflections - Reflections took 656 ms to scan 91 urls, producing 8283 keys and 44030 values
{"logLevel":"debug","message":"Scanning packages for steps"}
{"logLevel":"debug","message":"Comparing 'steps.KapSteps.checkCurrentUrl' and 'steps.KapSteps.checkCurrentUrl'"}
{"logLevel":"debug","message":"Found Sayfanın URL'si {} olmalı in current project scope."}
{"logLevel":"debug","message":"Comparing 'steps.KapSteps.navigateToUrl' and 'steps.KapSteps.navigateToUrl'"}
{"logLevel":"debug","message":"Found {} adresine gidilir in current project scope."}
{"logLevel":"debug","message":"Comparing 'steps.KapSteps.clickDynamicElement' and 'steps.KapSteps.clickDynamicElement'"}
{"logLevel":"debug","message":"Found {} locatöründen {} parametresiyle seçim yapılır in current project scope."}
{"logLevel":"debug","message":"Comparing 'steps.KapSteps.clickButton' and 'steps.KapSteps.clickButton'"}
{"logLevel":"debug","message":"Found {} elementine tıklanır in current project scope."}
{"logLevel":"debug","message":"Comparing 'steps.KapSteps.compareHtmlWithWeb' and 'steps.KapSteps.compareHtmlWithWeb'"}
{"logLevel":"debug","message":"Found XLS dosyasındaki veriler ile web sayfasındaki veriler karşılaştırılır {} in current project scope."}
{"logLevel":"debug","message":"Comparing 'steps.KapSteps.JsClickButton' and 'steps.KapSteps.JsClickButton'"}
{"logLevel":"debug","message":"Found {} elementine JS ile tıklanır in current project scope."}
{"logLevel":"debug","message":"Comparing 'steps.KapSteps.clickFirstRowContainingText' and 'steps.KapSteps.clickFirstRowContainingText'"}
{"logLevel":"debug","message":"Found {} içeren ilk satıra tıklanır in current project scope."}
{"logLevel":"debug","message":"Comparing 'steps.KapSteps.urlShouldStartWith' and 'steps.KapSteps.urlShouldStartWith'"}
{"logLevel":"debug","message":"Found Sayfanın URL'si {} içermeli in current project scope."}
{"logLevel":"debug","message":"Comparing 'steps.KapSteps.enterDateAndClickButton' and 'steps.KapSteps.enterDateAndClickButton'"}
{"logLevel":"debug","message":"Found Tarih olarak {} girilir in current project scope."}
{"logLevel":"debug","message":"Comparing 'steps.KapSteps.checkExcelDownloaded' and 'steps.KapSteps.checkExcelDownloaded'"}
{"logLevel":"debug","message":"Found {} dosyası {} olarak indirilmiş olmalı in current project scope."}
{"logLevel":"debug","message":"Scanning packages for hooks"}
{"logLevel":"debug","message":"Scanned steps (using static parsing + reflections): "}
{"logLevel":"debug","message":"\t{} elementine JS ile tıklanır : public void JsClickButton(String buttonLabel)"}
{"logLevel":"debug","message":"\tSayfanın URL'si {} olmalı : public void checkCurrentUrl(String expectedUrl)"}
{"logLevel":"debug","message":"\t{} içeren ilk satıra tıklanır : public void clickFirstRowContainingText(String text)"}
{"logLevel":"debug","message":"\t{} elementine tıklanır : public void clickButton(String buttonLabel)"}
{"logLevel":"debug","message":"\t{} adresine gidilir : public void navigateToUrl(String url)"}
{"logLevel":"debug","message":"\t{} locatöründen {} parametresiyle seçim yapılır : public void clickDynamicElement(String locator, String param)"}
{"logLevel":"debug","message":"\tTarih olarak {} girilir : public void enterDateAndClickButton(String date)"}
{"logLevel":"debug","message":"\tSayfanın URL'si {} içermeli : public void urlShouldStartWith(String pathPrefix)"}
{"logLevel":"debug","message":"\tXLS dosyasındaki veriler ile web sayfasındaki veriler karşılaştırılır {} : public void compareHtmlWithWeb(String htmlPath) throws Exception"}
{"logLevel":"debug","message":"\t{} dosyası {} olarak indirilmiş olmalı : public void checkExcelDownloaded(String format, String expectedFileName) throws InterruptedException"}
[pool-2-thread-1] INFO org.reflections.Reflections - Reflections took 236 ms to scan 91 urls, producing 8188 keys and 32843 values
{"logLevel":"debug","message":"Executing '{} adresine gidilir' using 'class steps.KapSteps.navigateToUrl"}
{"logLevel":"debug","message":"Executing 'Sayfanın URL'si {} olmalı' using 'class steps.KapSteps.checkCurrentUrl"}
{"logLevel":"debug","message":"Executing '{} elementine tıklanır' using 'class steps.KapSteps.clickButton"}
{"logLevel":"debug","message":"Executing '{} elementine tıklanır' using 'class steps.KapSteps.clickButton"}
{"logLevel":"debug","message":"Executing 'Sayfanın URL'si {} olmalı' using 'class steps.KapSteps.checkCurrentUrl"}
{"logLevel":"debug","message":"Executing '{} elementine tıklanır' using 'class steps.KapSteps.clickButton"}
{"logLevel":"debug","message":"Executing '{} elementine tıklanır' using 'class steps.KapSteps.clickButton"}
{"logLevel":"debug","message":"Executing '{} locatöründen {} parametresiyle seçim yapılır' using 'class steps.KapSteps.clickDynamicElement"}
{"logLevel":"debug","message":"Executing 'Tarih olarak {} girilir' using 'class steps.KapSteps.enterDateAndClickButton"}
{"logLevel":"debug","message":"Executing '{} elementine JS ile tıklanır' using 'class steps.KapSteps.JsClickButton"}
{"logLevel":"debug","message":"Executing '{} içeren ilk satıra tıklanır' using 'class steps.KapSteps.clickFirstRowContainingText"}
{"logLevel":"debug","message":"Executing 'Sayfanın URL'si {} içermeli' using 'class steps.KapSteps.urlShouldStartWith"}
{"logLevel":"debug","message":"Executing '{} locatöründen {} parametresiyle seçim yapılır' using 'class steps.KapSteps.clickDynamicElement"}
{"logLevel":"debug","message":"Executing '{} dosyası {} olarak indirilmiş olmalı' using 'class steps.KapSteps.checkExcelDownloaded"}
{"logLevel":"debug","message":"Executing 'XLS dosyasındaki veriler ile web sayfasındaki veriler karşılaştırılır {}' using 'class steps.KapSteps.compareHtmlWithWeb"}
Allure raporu başarıyla oluşturuldu.
{"logLevel":"debug","message":"Killing Java runner..."}
{"logLevel":"debug","message":"Stopping execution pool..."}
{"logLevel":"debug","message":"Shutting down grpc server..."}
{"logLevel":"debug","message":"Runner killed gracefully."}
