{"logLevel":"debug","message":"multithreading is set to false"}
{"logLevel":"debug","message":"Using reflection to scan dependencies for gauge implementations..."}
SLF4J: Failed to load class "org.slf4j.impl.StaticLoggerBinder".
SLF4J: Defaulting to no-operation (NOP) logger implementation
SLF4J: See http://www.slf4j.org/codes.html#StaticLoggerBinder for further details.
{"logLevel":"debug","message":"gauge-java took 211milliseconds to load and scan. This should be less than 'runner_connection_timeout' config value."}
{"logLevel":"debug","message":"run 'gauge config runner_connection_timeout' and verify that it is < 211"}
{"logLevel":"debug","message":"starting gRPC server..."}
{"logLevel":"debug","message":"started gRPC server on port 55414"}
{"logLevel":"info","message":"Listening on port:55414"}
{"logLevel":"debug","message":"Scanning packages for steps"}
{"logLevel":"debug","message":"Comparing 'StepImplementation.verifyVowelsCountInWord' and 'StepImplementation.verifyVowelsCountInWord'"}
{"logLevel":"debug","message":"Found The word {} has {} vowels. in current project scope."}
{"logLevel":"debug","message":"Comparing 'StepImplementation.verifyVowelsCountInMultipleWords' and 'StepImplementation.verifyVowelsCountInMultipleWords'"}
{"logLevel":"debug","message":"Found Almost all words have vowels {} in current project scope."}
{"logLevel":"debug","message":"Comparing 'StepImplementation.setLanguageVowels' and 'StepImplementation.setLanguageVowels'"}
{"logLevel":"debug","message":"Found Vowels in English language are {}. in current project scope."}
{"logLevel":"debug","message":"Scanning packages for hooks"}
{"logLevel":"debug","message":"Scanned steps (using static parsing + reflections): "}
{"logLevel":"debug","message":"\tThe word {} has {} vowels. : public void verifyVowelsCountInWord(String word, int expectedCount)"}
{"logLevel":"debug","message":"\tAlmost all words have vowels {} : public void verifyVowelsCountInMultipleWords(Table wordsTable)"}
{"logLevel":"debug","message":"\tVowels in English language are {}. : public void setLanguageVowels(String vowelString)"}
{"logLevel":"debug","message":"Executing 'Vowels in English language are {}.' using 'class StepImplementation.setLanguageVowels"}
{"logLevel":"debug","message":"Executing 'The word {} has {} vowels.' using 'class StepImplementation.verifyVowelsCountInWord"}
{"logLevel":"debug","message":"Executing 'Vowels in English language are {}.' using 'class StepImplementation.setLanguageVowels"}
{"logLevel":"debug","message":"Executing 'Almost all words have vowels {}' using 'class StepImplementation.verifyVowelsCountInMultipleWords"}
{"logLevel":"debug","message":"Killing Java runner..."}
{"logLevel":"debug","message":"Stopping execution pool..."}
{"logLevel":"debug","message":"Shutting down grpc server..."}
{"logLevel":"debug","message":"Runner killed gracefully."}
