{"logLevel":"debug","message":"multithreading is set to false"}
{"logLevel":"debug","message":"Using reflection to scan dependencies for gauge implementations..."}
WARNING: A terminally deprecated method in sun.misc.Unsafe has been called
WARNING: sun.misc.Unsafe::objectFieldOffset has been called by io.grpc.netty.shaded.io.netty.util.internal.PlatformDependent0$4 (file:/Users/alper/.m2/repository/io/grpc/grpc-netty-shaded/1.72.0/grpc-netty-shaded-1.72.0.jar)
WARNING: Please consider reporting this to the maintainers of class io.grpc.netty.shaded.io.netty.util.internal.PlatformDependent0$4
WARNING: sun.misc.Unsafe::objectFieldOffset will be removed in a future release
{"logLevel":"debug","message":"gauge-java took 269milliseconds to load and scan. This should be less than 'runner_connection_timeout' config value."}
{"logLevel":"debug","message":"run 'gauge config runner_connection_timeout' and verify that it is < 269"}
{"logLevel":"debug","message":"starting gRPC server..."}
{"logLevel":"debug","message":"started gRPC server on port 59886"}
{"logLevel":"info","message":"Listening on port:59886"}
[pool-1-thread-1] INFO org.reflections.Reflections - Reflections took 625 ms to scan 79 urls, producing 5443 keys and 32488 values
{"logLevel":"debug","message":"Scanning packages for steps"}
{"logLevel":"debug","message":"Comparing 'steps.KapSteps.clickBildirimSorgulariAndDetayli' and 'steps.KapSteps.clickBildirimSorgulariAndDetayli'"}
{"logLevel":"debug","message":"Found Bildirim Sorguları menüsüne tıklanır ve Detaylı Sorgulama seçilir in current project scope."}
{"logLevel":"debug","message":"Comparing 'StepImplementation.verifyVowelsCountInWord' and 'StepImplementation.verifyVowelsCountInWord'"}
{"logLevel":"debug","message":"Found The word {} has {} vowels. in current project scope."}
{"logLevel":"debug","message":"Comparing 'StepImplementation.verifyVowelsCountInMultipleWords' and 'StepImplementation.verifyVowelsCountInMultipleWords'"}
{"logLevel":"debug","message":"Found Almost all words have vowels {} in current project scope."}
{"logLevel":"debug","message":"Comparing 'steps.KapSteps.goToKapHomePage' and 'steps.KapSteps.goToKapHomePage'"}
{"logLevel":"debug","message":"Found Kap anasayfasına gidilir in current project scope."}
{"logLevel":"debug","message":"Comparing 'StepImplementation.setLanguageVowels' and 'StepImplementation.setLanguageVowels'"}
{"logLevel":"debug","message":"Found Vowels in English language are {}. in current project scope."}
{"logLevel":"debug","message":"Scanning packages for hooks"}
{"logLevel":"debug","message":"Scanned steps (using static parsing + reflections): "}
{"logLevel":"debug","message":"\tThe word {} has {} vowels. : public void verifyVowelsCountInWord(String word, int expectedCount)"}
{"logLevel":"debug","message":"\tKap anasayfasına gidilir : public void goToKapHomePage()"}
{"logLevel":"debug","message":"\tBildirim Sorguları menüsüne tıklanır ve Detaylı Sorgulama seçilir : public void clickBildirimSorgulariAndDetayli()"}
{"logLevel":"debug","message":"\tAlmost all words have vowels {} : public void verifyVowelsCountInMultipleWords(Table wordsTable)"}
{"logLevel":"debug","message":"\tVowels in English language are {}. : public void setLanguageVowels(String vowelString)"}
[pool-2-thread-1] INFO org.reflections.Reflections - Reflections took 276 ms to scan 79 urls, producing 5364 keys and 22470 values
{"logLevel":"debug","message":"Killing Java runner..."}
{"logLevel":"debug","message":"Stopping execution pool..."}
{"logLevel":"debug","message":"Shutting down grpc server..."}
{"logLevel":"debug","message":"Runner killed gracefully."}
