{"logLevel":"debug","message":"multithreading is set to false"}
{"logLevel":"debug","message":"Using reflection to scan dependencies for gauge implementations..."}
SLF4J(W): No SLF4J providers were found.
SLF4J(W): Defaulting to no-operation (NOP) logger implementation
SLF4J(W): See https://www.slf4j.org/codes.html#noProviders for further details.
{"logLevel":"debug","message":"gauge-java took 611milliseconds to load and scan. This should be less than 'runner_connection_timeout' config value."}
{"logLevel":"debug","message":"run 'gauge config runner_connection_timeout' and verify that it is < 611"}
{"logLevel":"debug","message":"starting gRPC server..."}
{"logLevel":"debug","message":"started gRPC server on port 51951"}
{"logLevel":"info","message":"Listening on port:51951"}
{"logLevel":"debug","message":"Scanning packages for steps"}
{"logLevel":"debug","message":"Comparing 'steps.QueryImpl.enterDateAndClickButton' and 'steps.QueryImpl.enterDateAndClickButton'"}
{"logLevel":"debug","message":"Found Tablodaki veriyi tarih alanina gir {} in current project scope."}
{"logLevel":"debug","message":"Comparing 'steps.NotificationDetailsImpl.clickFileFormat' and 'steps.NotificationDetailsImpl.clickFileFormat'"}
{"logLevel":"debug","message":"Found İndirilecek dosya formatı {} seçilir in current project scope."}
{"logLevel":"debug","message":"Comparing 'steps.ResultImpl.clickFirstRowContainingText' and 'steps.ResultImpl.clickFirstRowContainingText'"}
{"logLevel":"debug","message":"Found {} içeren ilk satıra tıklanır in current project scope."}
{"logLevel":"debug","message":"Comparing 'steps.KapImpl.navigateToUrl' and 'steps.KapImpl.navigateToUrl'"}
{"logLevel":"debug","message":"Found {} adresine gidilir in current project scope."}
{"logLevel":"debug","message":"Comparing 'steps.NotificationDetailsImpl.urlShouldStartWith' and 'steps.NotificationDetailsImpl.urlShouldStartWith'"}
{"logLevel":"debug","message":"Found Sayfanın URL'si {} içermeli in current project scope."}
{"logLevel":"debug","message":"Comparing 'steps.QueryImpl.clickCompanyGroup' and 'steps.QueryImpl.clickCompanyGroup'"}
{"logLevel":"debug","message":"Found Sirket grubu menüsünden {} seç in current project scope."}
{"logLevel":"debug","message":"Comparing 'steps.KapImpl.checkCurrentUrl' and 'steps.KapImpl.checkCurrentUrl'"}
{"logLevel":"debug","message":"Found Sayfanın URL'si {} olmalı in current project scope."}
{"logLevel":"debug","message":"Comparing 'steps.QueryImpl.JsClickButton' and 'steps.QueryImpl.JsClickButton'"}
{"logLevel":"debug","message":"Found {} elementine JS ile tıklanır in current project scope."}
{"logLevel":"debug","message":"Comparing 'steps.KapImpl.resizeBrowser' and 'steps.KapImpl.resizeBrowser'"}
{"logLevel":"debug","message":"Found Tarayıcı boyutu {}x{} olarak ayarlanır in current project scope."}
{"logLevel":"debug","message":"Comparing 'steps.NotificationDetailsImpl.checkExcelDownloaded' and 'steps.NotificationDetailsImpl.checkExcelDownloaded'"}
{"logLevel":"debug","message":"Found {} dosyası {} olarak indirilmiş olmalı in current project scope."}
{"logLevel":"debug","message":"Comparing 'steps.NotificationDetailsImpl.compareHtmlWithWeb' and 'steps.NotificationDetailsImpl.compareHtmlWithWeb'"}
{"logLevel":"debug","message":"Found XLS dosyasındaki veriler ile web sayfasındaki veriler karşılaştırılır {} in current project scope."}
{"logLevel":"debug","message":"Comparing 'steps.KapImpl.clickButton' and 'steps.KapImpl.clickButton'"}
{"logLevel":"debug","message":"Found {} elementine tıklanır in current project scope."}
{"logLevel":"debug","message":"Comparing 'steps.KapImpl.clearDownloadDir' and 'steps.KapImpl.clearDownloadDir'"}
{"logLevel":"debug","message":"Found Dosya indirme dizinini temizle in current project scope."}
{"logLevel":"debug","message":"Scanning packages for hooks"}
{"logLevel":"debug","message":"Scanned steps (using static parsing + reflections): "}
{"logLevel":"debug","message":"\tTarayıcı boyutu {}x{} olarak ayarlanır : public void resizeBrowser(int width, int height)"}
{"logLevel":"debug","message":"\tSayfanın URL'si {} olmalı : public void checkCurrentUrl(String expectedUrl)"}
{"logLevel":"debug","message":"\t{} içeren ilk satıra tıklanır : public void clickFirstRowContainingText(String text)"}
{"logLevel":"debug","message":"\t{} elementine tıklanır : public void clickButton(String buttonLabel)"}
{"logLevel":"debug","message":"\tSayfanın URL'si {} içermeli : public void urlShouldStartWith(String pathPrefix)"}
{"logLevel":"debug","message":"\tİndirilecek dosya formatı {} seçilir : public void clickFileFormat(String param)"}
{"logLevel":"debug","message":"\t{} dosyası {} olarak indirilmiş olmalı : public void checkExcelDownloaded(String format, String expectedFileName) throws InterruptedException"}
{"logLevel":"debug","message":"\tSirket grubu menüsünden {} seç : public void clickCompanyGroup(String param)"}
{"logLevel":"debug","message":"\t{} elementine JS ile tıklanır : public void JsClickButton(String buttonLabel)"}
{"logLevel":"debug","message":"\tTablodaki veriyi tarih alanina gir {} : public void enterDateAndClickButton(Table date)"}
{"logLevel":"debug","message":"\t{} adresine gidilir : public void navigateToUrl(String url)"}
{"logLevel":"debug","message":"\tDosya indirme dizinini temizle : public void clearDownloadDir()"}
{"logLevel":"debug","message":"\tXLS dosyasındaki veriler ile web sayfasındaki veriler karşılaştırılır {} : public void compareHtmlWithWeb(String htmlPath) throws Exception"}
[17:37:17] [INFO ] KapTestLogger - Test suite başlatılıyor...
[17:37:17] [INFO ] KapTestLogger - Dosya silindi: Bildirimler.xls
[17:37:17] [INFO ] KapTestLogger - Yeni WebDriver örneği oluşturuluyor...
[17:37:17] [INFO ] KapTestLogger - Indirme klasörü temizleniyor: /Users/alper/Desktop/TestAutomationCase/target/downloads
[17:37:17] [INFO ] KapTestLogger - İndirme klasörü zaten mevcut: /Users/alper/Desktop/TestAutomationCase/target/downloads
[17:37:19] [INFO ] KapTestLogger - WebDriver başarıyla başlatıldı.
[17:37:19] [INFO ] KapTestLogger - Spec başlatılıyor...
[17:37:19] [INFO ] KapTestLogger - Scenario başlatılıyor...
{"logLevel":"debug","message":"Executing 'Dosya indirme dizinini temizle' using 'class steps.KapImpl.clearDownloadDir"}
[17:37:19] [INFO ] KapTestLogger - Ekran görüntüsü kaydedildi: screenshots/step_20250804_173719_455.png
{"logLevel":"debug","message":"Executing 'Tarayıcı boyutu {}x{} olarak ayarlanır' using 'class steps.KapImpl.resizeBrowser"}
[17:37:19] [INFO ] KapTestLogger - Ekran görüntüsü kaydedildi: screenshots/step_20250804_173719_823.png
{"logLevel":"debug","message":"Executing '{} adresine gidilir' using 'class steps.KapImpl.navigateToUrl"}
[17:37:20] [INFO ] KapTestLogger - Ekran görüntüsü kaydedildi: screenshots/step_20250804_173720_281.png
{"logLevel":"debug","message":"Executing 'Sayfanın URL'si {} olmalı' using 'class steps.KapImpl.checkCurrentUrl"}
[17:37:20] [INFO ] KapTestLogger - Ekran görüntüsü kaydedildi: screenshots/step_20250804_173720_350.png
{"logLevel":"debug","message":"Executing '{} elementine tıklanır' using 'class steps.KapImpl.clickButton"}
[17:37:20] [INFO ] KapTestLogger - 'BTN_MOBILE_MENU' anahtarına karşılık gelen element tıklanıyor.
[17:37:20] [INFO ] KapTestLogger - Tıklama işlemi başarıyla tamamlandı.
[17:37:20] [INFO ] KapTestLogger - Ekran görüntüsü kaydedildi: screenshots/step_20250804_173720_487.png
{"logLevel":"debug","message":"Executing '{} elementine tıklanır' using 'class steps.KapImpl.clickButton"}
[17:37:20] [INFO ] KapTestLogger - 'BTN_BILDIRIM_SORGULARI' anahtarına karşılık gelen element tıklanıyor.
[17:37:20] [INFO ] KapTestLogger - Tıklama işlemi başarıyla tamamlandı.
[17:37:20] [INFO ] KapTestLogger - Ekran görüntüsü kaydedildi: screenshots/step_20250804_173720_596.png
{"logLevel":"debug","message":"Executing '{} elementine tıklanır' using 'class steps.KapImpl.clickButton"}
[17:37:20] [INFO ] KapTestLogger - 'BTN_DETAYLI_SORGULAMA' anahtarına karşılık gelen element tıklanıyor.
[17:37:21] [INFO ] KapTestLogger - Tıklama işlemi başarıyla tamamlandı.
[17:37:21] [INFO ] KapTestLogger - Ekran görüntüsü kaydedildi: screenshots/step_20250804_173721_229.png
{"logLevel":"debug","message":"Executing 'Sayfanın URL'si {} olmalı' using 'class steps.KapImpl.checkCurrentUrl"}
[17:37:21] [INFO ] KapTestLogger - Ekran görüntüsü kaydedildi: screenshots/step_20250804_173721_803.png
{"logLevel":"debug","message":"Executing '{} elementine tıklanır' using 'class steps.KapImpl.clickButton"}
[17:37:21] [INFO ] KapTestLogger - 'BTN_SIRKET_BILDIRIMI' anahtarına karşılık gelen element tıklanıyor.
[17:37:21] [INFO ] KapTestLogger - Tıklama işlemi başarıyla tamamlandı.
[17:37:21] [INFO ] KapTestLogger - Ekran görüntüsü kaydedildi: screenshots/step_20250804_173721_867.png
{"logLevel":"debug","message":"Executing '{} elementine tıklanır' using 'class steps.KapImpl.clickButton"}
[17:37:21] [INFO ] KapTestLogger - 'SELECT_BOX_COMPANY_GROUP' anahtarına karşılık gelen element tıklanıyor.
[17:37:21] [INFO ] KapTestLogger - Tıklama işlemi başarıyla tamamlandı.
[17:37:21] [INFO ] KapTestLogger - Ekran görüntüsü kaydedildi: screenshots/step_20250804_173721_947.png
{"logLevel":"debug","message":"Executing 'Sirket grubu menüsünden {} seç' using 'class steps.QueryImpl.clickCompanyGroup"}
[17:37:21] [INFO ] KapTestLogger - 'İşlem Gören Şirketler' parametresi ile şirket grubu seçiliyor...
[17:37:21] [INFO ] KapTestLogger - 'DROPDOWN_MENU_GENERIC' anahtarına karşılık gelen raw locator alınıyor.
[17:37:21] [INFO ] KapTestLogger - Locator ile tıklama işlemi başlatılıyor: By.xpath: //div[contains(@class, 'select-option') and text()='İşlem Gören Şirketler']
[17:37:21] [INFO ] KapTestLogger - Tıklama işlemi başarıyla tamamlandı.
[17:37:21] [INFO ] KapTestLogger - Şirket grubu başarıyla seçildi: İşlem Gören Şirketler
[17:37:22] [INFO ] KapTestLogger - Ekran görüntüsü kaydedildi: screenshots/step_20250804_173722_027.png
{"logLevel":"debug","message":"Executing 'Tablodaki veriyi tarih alanina gir {}' using 'class steps.QueryImpl.enterDateAndClickButton"}
[17:37:22] [INFO ] KapTestLogger - Tarih seçme işlemi başlatıldı.
[17:37:22] [INFO ] KapTestLogger - 'DATE_PICKER_BASLANGIC_TARIHI' anahtarına karşılık gelen element scroll ediliyor ve tıklanıyor.
[17:37:22] [INFO ] KapTestLogger - 'DATE_PICKER_BASLANGIC_TARIHI' anahtarına karşılık gelen locator alınıyor.
[17:37:22] [INFO ] KapTestLogger - Locator'a scroll ediliyor ve tıklanıyor: By.xpath: //label[text()='Başlangıç Tarihi']/following-sibling::div
[17:37:22] [INFO ] KapTestLogger - Element scroll ediliyor ve tıklanıyor: [[ChromeDriver: chrome on mac (cef38a1548da0d91cbe14a67aa144682)] -> xpath: //label[text()='Başlangıç Tarihi']/following-sibling::div]
[17:37:23] [INFO ] KapTestLogger - Scroll ve tıklama işlemi başarıyla tamamlandı.
[17:37:23] [INFO ] KapTestLogger - 'BTN_SWITCH_TO_YEAR_VIEW' anahtarına karşılık gelen element tıklanıyor.
[17:37:23] [INFO ] KapTestLogger - Tıklama işlemi başarıyla tamamlandı.
[17:37:23] [INFO ] KapTestLogger - 'BTN_SELECT_YEAR' anahtarına karşılık gelen raw locator alınıyor.
[17:37:23] [INFO ] KapTestLogger - Locator ile tıklama işlemi başlatılıyor: By.xpath: //button[text()='2025']
[17:37:23] [INFO ] KapTestLogger - Tıklama işlemi başarıyla tamamlandı.
[17:37:23] [INFO ] KapTestLogger - Yıl seçildi: 2025
[17:37:23] [INFO ] KapTestLogger - 'BTN_SELECT_MONTH' anahtarına karşılık gelen raw locator alınıyor.
[17:37:23] [INFO ] KapTestLogger - Locator ile tıklama işlemi başlatılıyor: By.xpath: //button[contains(@aria-label, 'Haziran') or text()[contains(.,'Haz')]]
[17:37:24] [INFO ] KapTestLogger - Tıklama işlemi başarıyla tamamlandı.
[17:37:24] [INFO ] KapTestLogger - Ay seçildi: Haziran (06)
[17:37:24] [INFO ] KapTestLogger - 'BTN_SELECT_DAY' anahtarına karşılık gelen raw locator alınıyor.
[17:37:24] [INFO ] KapTestLogger - Locator ile tıklama işlemi başlatılıyor: By.xpath: //button[normalize-space(.)='1' and not(@disabled)]
[17:37:24] [INFO ] KapTestLogger - Tıklama işlemi başarıyla tamamlandı.
[17:37:24] [INFO ] KapTestLogger - Gün seçildi: 1
[17:37:24] [INFO ] KapTestLogger - Tarih seçme işlemi tamamlandı.
[17:37:24] [INFO ] KapTestLogger - Ekran görüntüsü kaydedildi: screenshots/step_20250804_173724_449.png
{"logLevel":"debug","message":"Executing '{} elementine JS ile tıklanır' using 'class steps.QueryImpl.JsClickButton"}
[17:37:24] [INFO ] KapTestLogger - 'BTN_ARA' anahtarına karşılık gelen element scroll ediliyor ve tıklanıyor.
[17:37:24] [INFO ] KapTestLogger - 'BTN_ARA' anahtarına karşılık gelen locator alınıyor.
[17:37:24] [INFO ] KapTestLogger - Locator'a scroll ediliyor ve tıklanıyor: By.xpath: //button[text()='Ara']
[17:37:24] [INFO ] KapTestLogger - Element scroll ediliyor ve tıklanıyor: [[ChromeDriver: chrome on mac (cef38a1548da0d91cbe14a67aa144682)] -> xpath: //button[text()='Ara']]
[17:37:25] [INFO ] KapTestLogger - Scroll ve tıklama işlemi başarıyla tamamlandı.
[17:37:25] [INFO ] KapTestLogger - Ekran görüntüsü kaydedildi: screenshots/step_20250804_173725_581.png
{"logLevel":"debug","message":"Executing '{} içeren ilk satıra tıklanır' using 'class steps.ResultImpl.clickFirstRowContainingText"}
[17:37:25] [INFO ] KapTestLogger - 'QNB' metnini içeren ilk satıra tıklanıyor...
[17:37:25] [INFO ] KapTestLogger - Yüklenme göstergesinin kaybolması bekleniyor...
[17:37:25] [INFO ] KapTestLogger - 'PROGRESS_INDICATOR' anahtarına karşılık gelen locator alınıyor.
[17:37:25] [INFO ] KapTestLogger - Yüklenme göstergesi kayboldu, sonuçlar yüklendi.
[17:37:25] [INFO ] KapTestLogger - 'ROW_CONTAINING_TEXT' anahtarına karşılık gelen raw locator alınıyor.
[17:37:27] [INFO ] KapTestLogger - 'CLICKABLE_CELL_IN_ROW' anahtarına karşılık gelen locator alınıyor.
[17:37:27] [INFO ] KapTestLogger - JS ile element tıklanıyor: [[[[ChromeDriver: chrome on mac (cef38a1548da0d91cbe14a67aa144682)] -> xpath: //tr[contains(@class, 'cursor-pointer') and contains(., 'QNB')]]] -> css selector: td[name='notification-navigation']]
[17:37:27] [INFO ] KapTestLogger - Satır bulundu ve tıklandı: QNB
[17:37:27] [INFO ] KapTestLogger - Yeni sekmeye geçiş yapılıyor...
[17:37:27] [INFO ] KapTestLogger - Yeni sekmeye geçildi.
[17:37:27] [INFO ] KapTestLogger - Ekran görüntüsü kaydedildi: screenshots/step_20250804_173727_363.png
{"logLevel":"debug","message":"Executing 'Sayfanın URL'si {} içermeli' using 'class steps.NotificationDetailsImpl.urlShouldStartWith"}
[17:37:27] [INFO ] KapTestLogger - Ekran görüntüsü kaydedildi: screenshots/step_20250804_173727_414.png
[17:37:27] [INFO ] KapTestLogger - Senaryo tamamlandı...
[17:37:27] [INFO ] KapTestLogger - Test suite tamamlandı...
[17:37:27] [INFO ] KapTestLogger - Allure raporu oluşturuluyor...
[17:37:28] [INFO ] KapTestLogger - Allure raporu başarıyla oluşturuldu.
[17:37:28] [INFO ] KapTestLogger - WebDriver kapatılıyor...
[17:37:28] [INFO ] KapTestLogger - WebDriver null olarak sıfırlandı.
{"logLevel":"debug","message":"Killing Java runner..."}
{"logLevel":"debug","message":"Stopping execution pool..."}
{"logLevel":"debug","message":"Shutting down grpc server..."}
{"logLevel":"debug","message":"Runner killed gracefully."}
